Rasa process starting
Added 'nlp_spacy' to component cache. Key 'nlp_spacy-en'.
Rasa Core server is up and running on http://localhost:5005
Duckling HTTP component in pipeline, but no `url` configuration in the config file nor is `RASA_DUCKLING_HTTP_URL` set as an environment variable.
Duckling HTTP component in pipeline, but no `url` configuration in the config file nor is `RASA_DUCKLING_HTTP_URL` set as an environment variable.
Encountered an exception while running action 'action_say'. Bot will continue, but the actions events are lost. Make sure to fix the exception in your custom code.
Duckling HTTP component in pipeline, but no `url` configuration in the config file nor is `RASA_DUCKLING_HTTP_URL` set as an environment variable.
Duckling HTTP component in pipeline, but no `url` configuration in the config file nor is `RASA_DUCKLING_HTTP_URL` set as an environment variable.
Encountered an exception while running action 'action_say'. Bot will continue, but the actions events are lost. Make sure to fix the exception in your custom code.
Duckling HTTP component in pipeline, but no `url` configuration in the config file nor is `RASA_DUCKLING_HTTP_URL` set as an environment variable.
Duckling HTTP component in pipeline, but no `url` configuration in the config file nor is `RASA_DUCKLING_HTTP_URL` set as an environment variable.
Encountered an exception while running action 'action_say'. Bot will continue, but the actions events are lost. Make sure to fix the exception in your custom code.
Rasa process starting
Added 'nlp_spacy' to component cache. Key 'nlp_spacy-en'.
Rasa Core server is up and running on http://localhost:5005
Duckling HTTP component in pipeline, but no `url` configuration in the config file nor is `RASA_DUCKLING_HTTP_URL` set as an environment variable.
Duckling HTTP component in pipeline, but no `url` configuration in the config file nor is `RASA_DUCKLING_HTTP_URL` set as an environment variable.
Encountered an exception while running action 'action_say'. Bot will continue, but the actions events are lost. Make sure to fix the exception in your custom code.
Duckling HTTP component in pipeline, but no `url` configuration in the config file nor is `RASA_DUCKLING_HTTP_URL` set as an environment variable.
Encountered an exception while running action 'action_say'. Bot will continue, but the actions events are lost. Make sure to fix the exception in your custom code.
Rasa process starting
Added 'nlp_spacy' to component cache. Key 'nlp_spacy-en'.
Rasa Core server is up and running on http://localhost:5005
Duckling HTTP component in pipeline, but no `url` configuration in the config file nor is `RASA_DUCKLING_HTTP_URL` set as an environment variable.
Duckling HTTP component in pipeline, but no `url` configuration in the config file nor is `RASA_DUCKLING_HTTP_URL` set as an environment variable.
Encountered an exception while running action 'action_say'. Bot will continue, but the actions events are lost. Make sure to fix the exception in your custom code.
Rasa process starting
Added 'nlp_spacy' to component cache. Key 'nlp_spacy-en'.
Rasa Core server is up and running on http://localhost:5005
Duckling HTTP component in pipeline, but no `url` configuration in the config file nor is `RASA_DUCKLING_HTTP_URL` set as an environment variable.
Duckling HTTP component in pipeline, but no `url` configuration in the config file nor is `RASA_DUCKLING_HTTP_URL` set as an environment variable.
Encountered an exception while running action 'action_say'. Bot will continue, but the actions events are lost. Make sure to fix the exception in your custom code.
Rasa process starting
Added 'nlp_spacy' to component cache. Key 'nlp_spacy-en'.
Rasa Core server is up and running on http://localhost:5005
Duckling HTTP component in pipeline, but no `url` configuration in the config file nor is `RASA_DUCKLING_HTTP_URL` set as an environment variable.
Duckling HTTP component in pipeline, but no `url` configuration in the config file nor is `RASA_DUCKLING_HTTP_URL` set as an environment variable.
Encountered an exception while running action 'action_say'. Bot will continue, but the actions events are lost. Make sure to fix the exception in your custom code.
